<?xml version="1.0" encoding="UTF-8"?>
<testng-results skipped="0" failed="0" ignored="0" total="1" passed="1">
  <reporter-output>
  </reporter-output>
  <suite name="Surefire suite" duration-ms="15" started-at="2019-06-04T20:14:42Z" finished-at="2019-06-04T20:14:43Z">
    <groups>
    </groups>
    <test name="Surefire test" duration-ms="15" started-at="2019-06-04T20:14:42Z" finished-at="2019-06-04T20:14:43Z">
      <class name="qaclickacademy.AppTest">
        <test-method status="PASS" signature="testApp()[pri:0, instance:testApp(qaclickacademy.AppTest)]" name="testApp" duration-ms="0" started-at="2019-06-04T20:14:43Z" finished-at="2019-06-04T20:14:43Z">
          <reporter-output>
          </reporter-output>
        </test-method> <!-- testApp -->
      </class> <!-- qaclickacademy.AppTest -->
    </test> <!-- Surefire test -->
  </suite> <!-- Surefire suite -->
</testng-results>
