<?xml version="1.0" encoding="UTF-8"?>
<!-- Generated by org.testng.reporters.JUnitXMLReporter -->
<testsuite hostname="LAPTOP-2IFPPCPP" ignored="0" name="Default test" tests="3" failures="0" timestamp="04 Jun 2019 21:08:27 GMT" time="0.063" errors="0">
  <testcase name="BrowserAutomation" time="0.016" classname="qaclickacademy.SeleniumTest"/>
  <testcase name="elementsUi" time="0.0" classname="qaclickacademy.SeleniumTest"/>
  <testcase name="hello" time="0.016" classname="qaclickacademy.BlankTest"/>
</testsuite> <!-- Default test -->
