<?xml version="1.0" encoding="UTF-8"?>
<testng-results skipped="0" failed="0" ignored="0" total="2" passed="2">
  <reporter-output>
  </reporter-output>
  <suite name="Surefire suite" duration-ms="47" started-at="2019-06-04T20:14:42Z" finished-at="2019-06-04T20:14:42Z">
    <groups>
    </groups>
    <test name="Surefire test" duration-ms="47" started-at="2019-06-04T20:14:42Z" finished-at="2019-06-04T20:14:42Z">
      <class name="qaclickacademy.SeleniumTest">
        <test-method status="PASS" signature="BrowserAutomation()[pri:0, instance:qaclickacademy.SeleniumTest@13969fbe]" name="BrowserAutomation" duration-ms="16" started-at="2019-06-04T20:14:42Z" finished-at="2019-06-04T20:14:42Z">
          <reporter-output>
          </reporter-output>
        </test-method> <!-- BrowserAutomation -->
        <test-method status="PASS" signature="elementsUi()[pri:0, instance:qaclickacademy.SeleniumTest@13969fbe]" name="elementsUi" duration-ms="0" started-at="2019-06-04T20:14:42Z" finished-at="2019-06-04T20:14:42Z">
          <reporter-output>
          </reporter-output>
        </test-method> <!-- elementsUi -->
      </class> <!-- qaclickacademy.SeleniumTest -->
    </test> <!-- Surefire test -->
  </suite> <!-- Surefire suite -->
</testng-results>
