<?xml version="1.0" encoding="UTF-8"?>
<testng-results skipped="0" failed="0" ignored="0" total="2" passed="2">
  <reporter-output>
  </reporter-output>
  <suite name="Suite" duration-ms="31" started-at="2019-06-04T21:10:16Z" finished-at="2019-06-04T21:10:16Z">
    <groups>
    </groups>
    <test name="Test" duration-ms="31" started-at="2019-06-04T21:10:16Z" finished-at="2019-06-04T21:10:16Z">
      <class name="qaclickacademy.SeleniumTest">
        <test-method status="PASS" signature="BrowserAutomation()[pri:0, instance:qaclickacademy.SeleniumTest@6aaa5eb0]" name="BrowserAutomation" duration-ms="0" started-at="2019-06-04T21:10:16Z" finished-at="2019-06-04T21:10:16Z">
          <reporter-output>
          </reporter-output>
        </test-method> <!-- BrowserAutomation -->
        <test-method status="PASS" signature="elementsUi()[pri:0, instance:qaclickacademy.SeleniumTest@6aaa5eb0]" name="elementsUi" duration-ms="0" started-at="2019-06-04T21:10:16Z" finished-at="2019-06-04T21:10:16Z">
          <reporter-output>
          </reporter-output>
        </test-method> <!-- elementsUi -->
      </class> <!-- qaclickacademy.SeleniumTest -->
    </test> <!-- Test -->
  </suite> <!-- Suite -->
</testng-results>
