<?xml version="1.0" encoding="UTF-8"?>
<testng-results skipped="0" failed="0" ignored="0" total="3" passed="3">
  <reporter-output>
  </reporter-output>
  <suite name="Default suite" duration-ms="63" started-at="2019-06-04T21:08:27Z" finished-at="2019-06-04T21:08:27Z">
    <groups>
    </groups>
    <test name="Default test" duration-ms="63" started-at="2019-06-04T21:08:27Z" finished-at="2019-06-04T21:08:27Z">
      <class name="qaclickacademy.BlankTest">
        <test-method status="PASS" signature="hello()[pri:0, instance:qaclickacademy.BlankTest@548a9f61]" name="hello" duration-ms="16" started-at="2019-06-04T17:08:27Z" finished-at="2019-06-04T17:08:27Z">
          <reporter-output>
          </reporter-output>
        </test-method> <!-- hello -->
      </class> <!-- qaclickacademy.BlankTest -->
      <class name="qaclickacademy.SeleniumTest">
        <test-method status="PASS" signature="BrowserAutomation()[pri:0, instance:qaclickacademy.SeleniumTest@7dc7cbad]" name="BrowserAutomation" duration-ms="16" started-at="2019-06-04T17:08:27Z" finished-at="2019-06-04T17:08:27Z">
          <reporter-output>
          </reporter-output>
        </test-method> <!-- BrowserAutomation -->
        <test-method status="PASS" signature="elementsUi()[pri:0, instance:qaclickacademy.SeleniumTest@7dc7cbad]" name="elementsUi" duration-ms="0" started-at="2019-06-04T17:08:27Z" finished-at="2019-06-04T17:08:27Z">
          <reporter-output>
          </reporter-output>
        </test-method> <!-- elementsUi -->
      </class> <!-- qaclickacademy.SeleniumTest -->
    </test> <!-- Default test -->
  </suite> <!-- Default suite -->
</testng-results>
